frontend/android/app/build/intermediates/manifest_merge_blame_file/release/processReleaseMainManifest/manifest-merger-blame-release-report.txt
1<?xml version="1.0" encoding="utf-8"?>
2<manifest xmlns:android="http://schemas.android.com/apk/res/android"
3    package="com.MP.Waadi_App"
4    android:versionCode="46"
5    android:versionName="46" >
6
7    <uses-sdk
8        android:minSdkVersion="23"
9        android:targetSdkVersion="35" />
10
11    <!-- Permissions -->
12
13    <uses-permission android:name="android.permission.INTERNET" />
13-->src\main\AndroidManifest.xml:34:5-67
13-->src\main\AndroidManifest.xml:34:22-64
14    <uses-permission android:name="android.permission.POST_NOTIFICATIONS" />
14-->[:capacitor-firebase-messaging] AndroidManifest.xml:7:5-77
14-->[:capacitor-firebase-messaging] AndroidManifest.xml:7:22-74
15
16    <queries>
16-->[:capacitor-browser] AndroidManifest.xml:7:5-11:15
17        <intent>
17-->[:capacitor-browser] AndroidManifest.xml:8:9-10:18
18            <action android:name="android.support.customtabs.action.CustomTabsService" />
18-->[:capacitor-browser] AndroidManifest.xml:9:13-90
18-->[:capacitor-browser] AndroidManifest.xml:9:21-87
19        </intent>
20        <intent>
20-->[:capacitor-camera] AndroidManifest.xml:8:9-10:18
21            <action android:name="android.media.action.IMAGE_CAPTURE" />
21-->[:capacitor-camera] AndroidManifest.xml:9:13-73
21-->[:capacitor-camera] AndroidManifest.xml:9:21-70
22        </intent>
23    </queries>
24
25    <uses-permission android:name="android.permission.ACCESS_NETWORK_STATE" />
25-->[:capacitor-network] AndroidManifest.xml:7:5-79
25-->[:capacitor-network] AndroidManifest.xml:7:22-76
26    <uses-permission android:name="android.permission.WAKE_LOCK" /> <!-- Required by older versions of Google Play services to create IID tokens -->
26-->[com.google.firebase:firebase-messaging:25.0.1] AndroidManifest.xml:24:5-68
26-->[com.google.firebase:firebase-messaging:25.0.1] AndroidManifest.xml:24:22-65
27    <uses-permission android:name="com.google.android.c2dm.permission.RECEIVE" />
27-->[com.google.firebase:firebase-messaging:25.0.1] AndroidManifest.xml:26:5-82
27-->[com.google.firebase:firebase-messaging:25.0.1] AndroidManifest.xml:26:22-79
28    <uses-permission android:name="android.permission.RECEIVE_BOOT_COMPLETED" />
28-->[androidx.work:work-runtime:2.10.5] AndroidManifest.xml:25:5-81
28-->[androidx.work:work-runtime:2.10.5] AndroidManifest.xml:25:22-78
29    <uses-permission android:name="android.permission.FOREGROUND_SERVICE" />
29-->[androidx.work:work-runtime:2.10.5] AndroidManifest.xml:26:5-77
29-->[androidx.work:work-runtime:2.10.5] AndroidManifest.xml:26:22-74
30
31    <permission
31-->[androidx.core:core:1.15.0] AndroidManifest.xml:22:5-24:47
32        android:name="com.MP.Waadi_App.DYNAMIC_RECEIVER_NOT_EXPORTED_PERMISSION"
32-->[androidx.core:core:1.15.0] AndroidManifest.xml:23:9-81
33        android:protectionLevel="signature" />
33-->[androidx.core:core:1.15.0] AndroidManifest.xml:24:9-44
34
35    <uses-permission android:name="com.MP.Waadi_App.DYNAMIC_RECEIVER_NOT_EXPORTED_PERMISSION" />
35-->[androidx.core:core:1.15.0] AndroidManifest.xml:26:5-97
35-->[androidx.core:core:1.15.0] AndroidManifest.xml:26:22-94
36
37    <application
37-->src\main\AndroidManifest.xml:3:5-30:19
38        android:allowBackup="true"
38-->src\main\AndroidManifest.xml:4:9-35
39        android:appComponentFactory="androidx.core.app.CoreComponentFactory"
39-->[androidx.core:core:1.15.0] AndroidManifest.xml:28:18-86
40        android:extractNativeLibs="false"
41        android:icon="@mipmap/ic_launcher"
41-->src\main\AndroidManifest.xml:5:9-43
42        android:label="@string/app_name"
42-->src\main\AndroidManifest.xml:6:9-41
43        android:roundIcon="@mipmap/ic_launcher_round"
43-->src\main\AndroidManifest.xml:7:9-54
44        android:supportsRtl="true"
44-->src\main\AndroidManifest.xml:8:9-35
45        android:theme="@style/AppTheme" >
45-->src\main\AndroidManifest.xml:9:9-40
46        <activity
46-->src\main\AndroidManifest.xml:10:9-21:20
47            android:name="com.MP.Waadi_App.MainActivity"
47-->src\main\AndroidManifest.xml:12:13-41
48            android:configChanges="orientation|keyboardHidden|keyboard|screenSize|locale|smallestScreenSize|screenLayout|uiMode|navigation"
48-->src\main\AndroidManifest.xml:11:13-140
49            android:exported="true"
49-->src\main\AndroidManifest.xml:16:13-36
50            android:label="@string/title_activity_main"
50-->src\main\AndroidManifest.xml:13:13-56
51            android:launchMode="singleTask"
51-->src\main\AndroidManifest.xml:15:13-44
52            android:theme="@style/AppTheme.NoActionBarLaunch" >
52-->src\main\AndroidManifest.xml:14:13-62
53            <intent-filter>
53-->src\main\AndroidManifest.xml:17:13-20:29
54                <action android:name="android.intent.action.MAIN" />
54-->src\main\AndroidManifest.xml:18:17-69
54-->src\main\AndroidManifest.xml:18:25-66
55
56                <category android:name="android.intent.category.LAUNCHER" />
56-->src\main\AndroidManifest.xml:19:17-77
56-->src\main\AndroidManifest.xml:19:27-74
57            </intent-filter>
58        </activity>
59
60        <provider
61            android:name="androidx.core.content.FileProvider"
61-->src\main\AndroidManifest.xml:24:13-62
62            android:authorities="com.MP.Waadi_App.fileprovider"
62-->src\main\AndroidManifest.xml:25:13-64
63            android:exported="false"
63-->src\main\AndroidManifest.xml:26:13-37
64            android:grantUriPermissions="true" >
64-->src\main\AndroidManifest.xml:27:13-47
65            <meta-data
65-->src\main\AndroidManifest.xml:28:13-112
66                android:name="android.support.FILE_PROVIDER_PATHS"
66-->src\main\AndroidManifest.xml:28:24-74
67                android:resource="@xml/file_paths" />
67-->src\main\AndroidManifest.xml:28:75-109
68        </provider>
69
70        <service
70-->[:capacitor-firebase-messaging] AndroidManifest.xml:10:9-16:19
71            android:name="io.capawesome.capacitorjs.plugins.firebase.messaging.MessagingService"
71-->[:capacitor-firebase-messaging] AndroidManifest.xml:11:13-97
72            android:exported="false" >
72-->[:capacitor-firebase-messaging] AndroidManifest.xml:12:13-37
73            <intent-filter>
73-->[:capacitor-firebase-messaging] AndroidManifest.xml:13:13-15:29
74                <action android:name="com.google.firebase.MESSAGING_EVENT" />
74-->[:capacitor-firebase-messaging] AndroidManifest.xml:14:17-78
74-->[:capacitor-firebase-messaging] AndroidManifest.xml:14:25-75
75            </intent-filter>
76        </service>
77
78        <activity
78-->[:capacitor-browser] AndroidManifest.xml:14:9-18:75
79            android:name="com.capacitorjs.plugins.browser.BrowserControllerActivity"
79-->[:capacitor-browser] AndroidManifest.xml:15:13-85
80            android:exported="false"
80-->[:capacitor-browser] AndroidManifest.xml:16:13-37
81            android:launchMode="singleTask"
81-->[:capacitor-browser] AndroidManifest.xml:17:13-44
82            android:theme="@android:style/Theme.Translucent.NoTitleBar" />
82-->[:capacitor-browser] AndroidManifest.xml:18:13-72
83
84        <service
84-->[:capacitor-push-notifications] AndroidManifest.xml:8:9-14:19
85            android:name="com.capacitorjs.plugins.pushnotifications.MessagingService"
85-->[:capacitor-push-notifications] AndroidManifest.xml:9:13-86
86            android:exported="false" >
86-->[:capacitor-push-notifications] AndroidManifest.xml:10:13-37
87            <intent-filter>
87-->[:capacitor-firebase-messaging] AndroidManifest.xml:13:13-15:29
88                <action android:name="com.google.firebase.MESSAGING_EVENT" />
88-->[:capacitor-firebase-messaging] AndroidManifest.xml:14:17-78
88-->[:capacitor-firebase-messaging] AndroidManifest.xml:14:25-75
89            </intent-filter>
90        </service>
91
92        <receiver
92-->[com.google.firebase:firebase-messaging:25.0.1] AndroidManifest.xml:29:9-40:20
93            android:name="com.google.firebase.iid.FirebaseInstanceIdReceiver"
93-->[com.google.firebase:firebase-messaging:25.0.1] AndroidManifest.xml:30:13-78
94            android:exported="true"
94-->[com.google.firebase:firebase-messaging:25.0.1] AndroidManifest.xml:31:13-36
95            android:permission="com.google.android.c2dm.permission.SEND" >
95-->[com.google.firebase:firebase-messaging:25.0.1] AndroidManifest.xml:32:13-73
96            <intent-filter>
96-->[com.google.firebase:firebase-messaging:25.0.1] AndroidManifest.xml:33:13-35:29
97                <action android:name="com.google.android.c2dm.intent.RECEIVE" />
97-->[com.google.firebase:firebase-messaging:25.0.1] AndroidManifest.xml:34:17-81
97-->[com.google.firebase:firebase-messaging:25.0.1] AndroidManifest.xml:34:25-78
98            </intent-filter>
99
100            <meta-data
100-->[com.google.firebase:firebase-messaging:25.0.1] AndroidManifest.xml:37:13-39:40
101                android:name="com.google.android.gms.cloudmessaging.FINISHED_AFTER_HANDLED"
101-->[com.google.firebase:firebase-messaging:25.0.1] AndroidManifest.xml:38:17-92
102                android:value="true" />
102-->[com.google.firebase:firebase-messaging:25.0.1] AndroidManifest.xml:39:17-37
103        </receiver>
104        <!--
105             FirebaseMessagingService performs security checks at runtime,
106             but set to not exported to explicitly avoid allowing another app to call it.
107        -->
108        <service
108-->[com.google.firebase:firebase-messaging:25.0.1] AndroidManifest.xml:46:9-53:19
109            android:name="com.google.firebase.messaging.FirebaseMessagingService"
109-->[com.google.firebase:firebase-messaging:25.0.1] AndroidManifest.xml:47:13-82
110            android:directBootAware="true"
110-->[com.google.firebase:firebase-messaging:25.0.1] AndroidManifest.xml:48:13-43
111            android:exported="false" >
111-->[com.google.firebase:firebase-messaging:25.0.1] AndroidManifest.xml:49:13-37
112            <intent-filter android:priority="-500" >
112-->[:capacitor-firebase-messaging] AndroidManifest.xml:13:13-15:29
113                <action android:name="com.google.firebase.MESSAGING_EVENT" />
113-->[:capacitor-firebase-messaging] AndroidManifest.xml:14:17-78
113-->[:capacitor-firebase-messaging] AndroidManifest.xml:14:25-75
114            </intent-filter>
115        </service>
116        <service
116-->[com.google.firebase:firebase-messaging:25.0.1] AndroidManifest.xml:54:9-63:19
117            android:name="com.google.firebase.components.ComponentDiscoveryService"
117-->[com.google.firebase:firebase-messaging:25.0.1] AndroidManifest.xml:55:13-84
118            android:directBootAware="true"
118-->[com.google.firebase:firebase-common:22.0.1] AndroidManifest.xml:32:13-43
119            android:exported="false" >
119-->[com.google.firebase:firebase-messaging:25.0.1] AndroidManifest.xml:56:13-37
120            <meta-data
120-->[com.google.firebase:firebase-messaging:25.0.1] AndroidManifest.xml:57:13-59:85
121                android:name="com.google.firebase.components:com.google.firebase.messaging.FirebaseMessagingKtxRegistrar"
121-->[com.google.firebase:firebase-messaging:25.0.1] AndroidManifest.xml:58:17-122
122                android:value="com.google.firebase.components.ComponentRegistrar" />
122-->[com.google.firebase:firebase-messaging:25.0.1] AndroidManifest.xml:59:17-82
123            <meta-data
123-->[com.google.firebase:firebase-messaging:25.0.1] AndroidManifest.xml:60:13-62:85
124                android:name="com.google.firebase.components:com.google.firebase.messaging.FirebaseMessagingRegistrar"
124-->[com.google.firebase:firebase-messaging:25.0.1] AndroidManifest.xml:61:17-119
125                android:value="com.google.firebase.components.ComponentRegistrar" />
125-->[com.google.firebase:firebase-messaging:25.0.1] AndroidManifest.xml:62:17-82
126            <meta-data
126-->[com.google.firebase:firebase-installations:18.0.0] AndroidManifest.xml:15:13-17:85
127                android:name="com.google.firebase.components:com.google.firebase.installations.FirebaseInstallationsKtxRegistrar"
127-->[com.google.firebase:firebase-installations:18.0.0] AndroidManifest.xml:16:17-130
128                android:value="com.google.firebase.components.ComponentRegistrar" />
128-->[com.google.firebase:firebase-installations:18.0.0] AndroidManifest.xml:17:17-82
129            <meta-data
129-->[com.google.firebase:firebase-installations:18.0.0] AndroidManifest.xml:18:13-20:85
130                android:name="com.google.firebase.components:com.google.firebase.installations.FirebaseInstallationsRegistrar"
130-->[com.google.firebase:firebase-installations:18.0.0] AndroidManifest.xml:19:17-127
131                android:value="com.google.firebase.components.ComponentRegistrar" />
131-->[com.google.firebase:firebase-installations:18.0.0] AndroidManifest.xml:20:17-82
132            <meta-data
132-->[com.google.firebase:firebase-common:22.0.1] AndroidManifest.xml:35:13-37:85
133                android:name="com.google.firebase.components:com.google.firebase.FirebaseCommonKtxRegistrar"
133-->[com.google.firebase:firebase-common:22.0.1] AndroidManifest.xml:36:17-109
134                android:value="com.google.firebase.components.ComponentRegistrar" />
134-->[com.google.firebase:firebase-common:22.0.1] AndroidManifest.xml:37:17-82
135            <meta-data
135-->[com.google.firebase:firebase-datatransport:18.2.0] AndroidManifest.xml:25:13-27:85
136                android:name="com.google.firebase.components:com.google.firebase.datatransport.TransportRegistrar"
136-->[com.google.firebase:firebase-datatransport:18.2.0] AndroidManifest.xml:26:17-115
137                android:value="com.google.firebase.components.ComponentRegistrar" />
137-->[com.google.firebase:firebase-datatransport:18.2.0] AndroidManifest.xml:27:17-82
138        </service>
139
140        <activity
140-->[com.google.android.gms:play-services-base:18.1.0] AndroidManifest.xml:20:9-22:45
141            android:name="com.google.android.gms.common.api.GoogleApiActivity"
141-->[com.google.android.gms:play-services-base:18.1.0] AndroidManifest.xml:20:19-85
142            android:exported="false"
142-->[com.google.android.gms:play-services-base:18.1.0] AndroidManifest.xml:22:19-43
143            android:theme="@android:style/Theme.Translucent.NoTitleBar" />
143-->[com.google.android.gms:play-services-base:18.1.0] AndroidManifest.xml:21:19-78
144
145        <provider
145-->[com.google.firebase:firebase-common:22.0.1] AndroidManifest.xml:23:9-28:39
146            android:name="com.google.firebase.provider.FirebaseInitProvider"
146-->[com.google.firebase:firebase-common:22.0.1] AndroidManifest.xml:24:13-77
147            android:authorities="com.MP.Waadi_App.firebaseinitprovider"
147-->[com.google.firebase:firebase-common:22.0.1] AndroidManifest.xml:25:13-72
148            android:directBootAware="true"
148-->[com.google.firebase:firebase-common:22.0.1] AndroidManifest.xml:26:13-43
149            android:exported="false"
149-->[com.google.firebase:firebase-common:22.0.1] AndroidManifest.xml:27:13-37
150            android:initOrder="100" />
150-->[com.google.firebase:firebase-common:22.0.1] AndroidManifest.xml:28:13-36
151        <provider
151-->[androidx.work:work-runtime:2.10.5] AndroidManifest.xml:29:9-37:20
152            android:name="androidx.startup.InitializationProvider"
152-->[androidx.work:work-runtime:2.10.5] AndroidManifest.xml:30:13-67
153            android:authorities="com.MP.Waadi_App.androidx-startup"
153-->[androidx.work:work-runtime:2.10.5] AndroidManifest.xml:31:13-68
154            android:exported="false" >
154-->[androidx.work:work-runtime:2.10.5] AndroidManifest.xml:32:13-37
155            <meta-data
155-->[androidx.work:work-runtime:2.10.5] AndroidManifest.xml:34:13-36:52
156                android:name="androidx.work.WorkManagerInitializer"
156-->[androidx.work:work-runtime:2.10.5] AndroidManifest.xml:35:17-68
157                android:value="androidx.startup" />
157-->[androidx.work:work-runtime:2.10.5] AndroidManifest.xml:36:17-49
158            <meta-data
158-->[androidx.emoji2:emoji2:1.3.0] AndroidManifest.xml:29:13-31:52
159                android:name="androidx.emoji2.text.EmojiCompatInitializer"
159-->[androidx.emoji2:emoji2:1.3.0] AndroidManifest.xml:30:17-75
160                android:value="androidx.startup" />
160-->[androidx.emoji2:emoji2:1.3.0] AndroidManifest.xml:31:17-49
161            <meta-data
161-->[androidx.lifecycle:lifecycle-process:2.10.0] AndroidManifest.xml:29:13-31:52
162                android:name="androidx.lifecycle.ProcessLifecycleInitializer"
162-->[androidx.lifecycle:lifecycle-process:2.10.0] AndroidManifest.xml:30:17-78
163                android:value="androidx.startup" />
163-->[androidx.lifecycle:lifecycle-process:2.10.0] AndroidManifest.xml:31:17-49
164            <meta-data
164-->[androidx.profileinstaller:profileinstaller:1.4.0] AndroidManifest.xml:29:13-31:52
165                android:name="androidx.profileinstaller.ProfileInstallerInitializer"
165-->[androidx.profileinstaller:profileinstaller:1.4.0] AndroidManifest.xml:30:17-85
166                android:value="androidx.startup" />
166-->[androidx.profileinstaller:profileinstaller:1.4.0] AndroidManifest.xml:31:17-49
167        </provider>
168
169        <service
169-->[androidx.work:work-runtime:2.10.5] AndroidManifest.xml:39:9-45:35
170            android:name="androidx.work.impl.background.systemalarm.SystemAlarmService"
170-->[androidx.work:work-runtime:2.10.5] AndroidManifest.xml:40:13-88
171            android:directBootAware="false"
171-->[androidx.work:work-runtime:2.10.5] AndroidManifest.xml:41:13-44
172            android:enabled="@bool/enable_system_alarm_service_default"
172-->[androidx.work:work-runtime:2.10.5] AndroidManifest.xml:42:13-72
173            android:exported="false" />
173-->[androidx.work:work-runtime:2.10.5] AndroidManifest.xml:43:13-37
174        <service
174-->[androidx.work:work-runtime:2.10.5] AndroidManifest.xml:46:9-52:35
175            android:name="androidx.work.impl.background.systemjob.SystemJobService"
175-->[androidx.work:work-runtime:2.10.5] AndroidManifest.xml:47:13-84
176            android:directBootAware="false"
176-->[androidx.work:work-runtime:2.10.5] AndroidManifest.xml:48:13-44
177            android:enabled="@bool/enable_system_job_service_default"
177-->[androidx.work:work-runtime:2.10.5] AndroidManifest.xml:49:13-70
178            android:exported="true"
178-->[androidx.work:work-runtime:2.10.5] AndroidManifest.xml:50:13-36
179            android:permission="android.permission.BIND_JOB_SERVICE" />
179-->[androidx.work:work-runtime:2.10.5] AndroidManifest.xml:51:13-69
180        <service
180-->[androidx.work:work-runtime:2.10.5] AndroidManifest.xml:53:9-59:35
181            android:name="androidx.work.impl.foreground.SystemForegroundService"
181-->[androidx.work:work-runtime:2.10.5] AndroidManifest.xml:54:13-81
182            android:directBootAware="false"
182-->[androidx.work:work-runtime:2.10.5] AndroidManifest.xml:55:13-44
183            android:enabled="@bool/enable_system_foreground_service_default"
183-->[androidx.work:work-runtime:2.10.5] AndroidManifest.xml:56:13-77
184            android:exported="false" />
184-->[androidx.work:work-runtime:2.10.5] AndroidManifest.xml:57:13-37
185
186        <receiver
186-->[androidx.work:work-runtime:2.10.5] AndroidManifest.xml:61:9-66:35
187            android:name="androidx.work.impl.utils.ForceStopRunnable$BroadcastReceiver"
187-->[androidx.work:work-runtime:2.10.5] AndroidManifest.xml:62:13-88
188            android:directBootAware="false"
188-->[androidx.work:work-runtime:2.10.5] AndroidManifest.xml:63:13-44
189            android:enabled="true"
189-->[androidx.work:work-runtime:2.10.5] AndroidManifest.xml:64:13-35
190            android:exported="false" />
190-->[androidx.work:work-runtime:2.10.5] AndroidManifest.xml:65:13-37
191        <receiver
191-->[androidx.work:work-runtime:2.10.5] AndroidManifest.xml:67:9-77:20
192            android:name="androidx.work.impl.background.systemalarm.ConstraintProxy$BatteryChargingProxy"
192-->[androidx.work:work-runtime:2.10.5] AndroidManifest.xml:68:13-106
193            android:directBootAware="false"
193-->[androidx.work:work-runtime:2.10.5] AndroidManifest.xml:69:13-44
194            android:enabled="false"
194-->[androidx.work:work-runtime:2.10.5] AndroidManifest.xml:70:13-36
195            android:exported="false" >
195-->[androidx.work:work-runtime:2.10.5] AndroidManifest.xml:71:13-37
196            <intent-filter>
196-->[androidx.work:work-runtime:2.10.5] AndroidManifest.xml:73:13-76:29
197                <action android:name="android.intent.action.ACTION_POWER_CONNECTED" />
197-->[androidx.work:work-runtime:2.10.5] AndroidManifest.xml:74:17-87
197-->[androidx.work:work-runtime:2.10.5] AndroidManifest.xml:74:25-84
198                <action android:name="android.intent.action.ACTION_POWER_DISCONNECTED" />
198-->[androidx.work:work-runtime:2.10.5] AndroidManifest.xml:75:17-90
198-->[androidx.work:work-runtime:2.10.5] AndroidManifest.xml:75:25-87
199            </intent-filter>
200        </receiver>
201        <receiver
201-->[androidx.work:work-runtime:2.10.5] AndroidManifest.xml:78:9-88:20
202            android:name="androidx.work.impl.background.systemalarm.ConstraintProxy$BatteryNotLowProxy"
202-->[androidx.work:work-runtime:2.10.5] AndroidManifest.xml:79:13-104
203            android:directBootAware="false"
203-->[androidx.work:work-runtime:2.10.5] AndroidManifest.xml:80:13-44
204            android:enabled="false"
204-->[androidx.work:work-runtime:2.10.5] AndroidManifest.xml:81:13-36
205            android:exported="false" >
205-->[androidx.work:work-runtime:2.10.5] AndroidManifest.xml:82:13-37
206            <intent-filter>
206-->[androidx.work:work-runtime:2.10.5] AndroidManifest.xml:84:13-87:29
207                <action android:name="android.intent.action.BATTERY_OKAY" />
207-->[androidx.work:work-runtime:2.10.5] AndroidManifest.xml:85:17-77
207-->[androidx.work:work-runtime:2.10.5] AndroidManifest.xml:85:25-74
208                <action android:name="android.intent.action.BATTERY_LOW" />
208-->[androidx.work:work-runtime:2.10.5] AndroidManifest.xml:86:17-76
208-->[androidx.work:work-runtime:2.10.5] AndroidManifest.xml:86:25-73
209            </intent-filter>
210        </receiver>
211        <receiver
211-->[androidx.work:work-runtime:2.10.5] AndroidManifest.xml:89:9-99:20
212            android:name="androidx.work.impl.background.systemalarm.ConstraintProxy$StorageNotLowProxy"
212-->[androidx.work:work-runtime:2.10.5] AndroidManifest.xml:90:13-104
213            android:directBootAware="false"
213-->[androidx.work:work-runtime:2.10.5] AndroidManifest.xml:91:13-44
214            android:enabled="false"
214-->[androidx.work:work-runtime:2.10.5] AndroidManifest.xml:92:13-36
215            android:exported="false" >
215-->[androidx.work:work-runtime:2.10.5] AndroidManifest.xml:93:13-37
216            <intent-filter>
216-->[androidx.work:work-runtime:2.10.5] AndroidManifest.xml:95:13-98:29
217                <action android:name="android.intent.action.DEVICE_STORAGE_LOW" />
217-->[androidx.work:work-runtime:2.10.5] AndroidManifest.xml:96:17-83
217-->[androidx.work:work-runtime:2.10.5] AndroidManifest.xml:96:25-80
218                <action android:name="android.intent.action.DEVICE_STORAGE_OK" />
218-->[androidx.work:work-runtime:2.10.5] AndroidManifest.xml:97:17-82
218-->[androidx.work:work-runtime:2.10.5] AndroidManifest.xml:97:25-79
219            </intent-filter>
220        </receiver>
221        <receiver
221-->[androidx.work:work-runtime:2.10.5] AndroidManifest.xml:100:9-109:20
222            android:name="androidx.work.impl.background.systemalarm.ConstraintProxy$NetworkStateProxy"
222-->[androidx.work:work-runtime:2.10.5] AndroidManifest.xml:101:13-103
223            android:directBootAware="false"
223-->[androidx.work:work-runtime:2.10.5] AndroidManifest.xml:102:13-44
224            android:enabled="false"
224-->[androidx.work:work-runtime:2.10.5] AndroidManifest.xml:103:13-36
225            android:exported="false" >
225-->[androidx.work:work-runtime:2.10.5] AndroidManifest.xml:104:13-37
226            <intent-filter>
226-->[androidx.work:work-runtime:2.10.5] AndroidManifest.xml:106:13-108:29
227                <action android:name="android.net.conn.CONNECTIVITY_CHANGE" />
227-->[androidx.work:work-runtime:2.10.5] AndroidManifest.xml:107:17-79
227-->[androidx.work:work-runtime:2.10.5] AndroidManifest.xml:107:25-76
228            </intent-filter>
229        </receiver>
230        <receiver
230-->[androidx.work:work-runtime:2.10.5] AndroidManifest.xml:110:9-121:20
231            android:name="androidx.work.impl.background.systemalarm.RescheduleReceiver"
231-->[androidx.work:work-runtime:2.10.5] AndroidManifest.xml:111:13-88
232            android:directBootAware="false"
232-->[androidx.work:work-runtime:2.10.5] AndroidManifest.xml:112:13-44
233            android:enabled="false"
233-->[androidx.work:work-runtime:2.10.5] AndroidManifest.xml:113:13-36
234            android:exported="false" >
234-->[androidx.work:work-runtime:2.10.5] AndroidManifest.xml:114:13-37
235            <intent-filter>
235-->[androidx.work:work-runtime:2.10.5] AndroidManifest.xml:116:13-120:29
236                <action android:name="android.intent.action.BOOT_COMPLETED" />
236-->[androidx.work:work-runtime:2.10.5] AndroidManifest.xml:117:17-79
236-->[androidx.work:work-runtime:2.10.5] AndroidManifest.xml:117:25-76
237                <action android:name="android.intent.action.TIME_SET" />
237-->[androidx.work:work-runtime:2.10.5] AndroidManifest.xml:118:17-73
237-->[androidx.work:work-runtime:2.10.5] AndroidManifest.xml:118:25-70
238                <action android:name="android.intent.action.TIMEZONE_CHANGED" />
238-->[androidx.work:work-runtime:2.10.5] AndroidManifest.xml:119:17-81
238-->[androidx.work:work-runtime:2.10.5] AndroidManifest.xml:119:25-78
239            </intent-filter>
240        </receiver>
241        <receiver
241-->[androidx.work:work-runtime:2.10.5] AndroidManifest.xml:122:9-131:20
242            android:name="androidx.work.impl.background.systemalarm.ConstraintProxyUpdateReceiver"
242-->[androidx.work:work-runtime:2.10.5] AndroidManifest.xml:123:13-99
243            android:directBootAware="false"
243-->[androidx.work:work-runtime:2.10.5] AndroidManifest.xml:124:13-44
244            android:enabled="@bool/enable_system_alarm_service_default"
244-->[androidx.work:work-runtime:2.10.5] AndroidManifest.xml:125:13-72
245            android:exported="false" >
245-->[androidx.work:work-runtime:2.10.5] AndroidManifest.xml:126:13-37
246            <intent-filter>
246-->[androidx.work:work-runtime:2.10.5] AndroidManifest.xml:128:13-130:29
247                <action android:name="androidx.work.impl.background.systemalarm.UpdateProxies" />
247-->[androidx.work:work-runtime:2.10.5] AndroidManifest.xml:129:17-98
247-->[androidx.work:work-runtime:2.10.5] AndroidManifest.xml:129:25-95
248            </intent-filter>
249        </receiver>
250        <receiver
250-->[androidx.work:work-runtime:2.10.5] AndroidManifest.xml:132:9-142:20
251            android:name="androidx.work.impl.diagnostics.DiagnosticsReceiver"
251-->[androidx.work:work-runtime:2.10.5] AndroidManifest.xml:133:13-78
252            android:directBootAware="false"
252-->[androidx.work:work-runtime:2.10.5] AndroidManifest.xml:134:13-44
253            android:enabled="true"
253-->[androidx.work:work-runtime:2.10.5] AndroidManifest.xml:135:13-35
254            android:exported="true"
254-->[androidx.work:work-runtime:2.10.5] AndroidManifest.xml:136:13-36
255            android:permission="android.permission.DUMP" >
255-->[androidx.work:work-runtime:2.10.5] AndroidManifest.xml:137:13-57
256            <intent-filter>
256-->[androidx.work:work-runtime:2.10.5] AndroidManifest.xml:139:13-141:29
257                <action android:name="androidx.work.diagnostics.REQUEST_DIAGNOSTICS" />
257-->[androidx.work:work-runtime:2.10.5] AndroidManifest.xml:140:17-88
257-->[androidx.work:work-runtime:2.10.5] AndroidManifest.xml:140:25-85
258            </intent-filter>
259        </receiver>
260
261        <service
261-->[androidx.room:room-runtime:2.6.1] AndroidManifest.xml:24:9-28:63
262            android:name="androidx.room.MultiInstanceInvalidationService"
262-->[androidx.room:room-runtime:2.6.1] AndroidManifest.xml:25:13-74
263            android:directBootAware="true"
263-->[androidx.room:room-runtime:2.6.1] AndroidManifest.xml:26:13-43
264            android:exported="false" />
264-->[androidx.room:room-runtime:2.6.1] AndroidManifest.xml:27:13-37
265
266        <meta-data
266-->[com.google.android.gms:play-services-basement:18.10.0] AndroidManifest.xml:21:9-23:69
267            android:name="com.google.android.gms.version"
267-->[com.google.android.gms:play-services-basement:18.10.0] AndroidManifest.xml:22:13-58
268            android:value="@integer/google_play_services_version" />
268-->[com.google.android.gms:play-services-basement:18.10.0] AndroidManifest.xml:23:13-66
269
270        <receiver
270-->[androidx.profileinstaller:profileinstaller:1.4.0] AndroidManifest.xml:34:9-52:20
271            android:name="androidx.profileinstaller.ProfileInstallReceiver"
271-->[androidx.profileinstaller:profileinstaller:1.4.0] AndroidManifest.xml:35:13-76
272            android:directBootAware="false"
272-->[androidx.profileinstaller:profileinstaller:1.4.0] AndroidManifest.xml:36:13-44
273            android:enabled="true"
273-->[androidx.profileinstaller:profileinstaller:1.4.0] AndroidManifest.xml:37:13-35
274            android:exported="true"
274-->[androidx.profileinstaller:profileinstaller:1.4.0] AndroidManifest.xml:38:13-36
275            android:permission="android.permission.DUMP" >
275-->[androidx.profileinstaller:profileinstaller:1.4.0] AndroidManifest.xml:39:13-57
276            <intent-filter>